2026-04-29T00:00:01Z INFO  [APIGateway] Gateway started. Routes loaded: 48
2026-04-29T00:15:00Z INFO  [APIGateway] GET /api/v1/health 200 12ms
2026-04-29T01:14:50Z INFO  [APIGateway] POST /api/v1/orders 200 145ms
2026-04-29T01:15:22Z ERROR [APIGateway] POST /api/v1/orders 503 30012ms - upstream timeout (OrderService)
2026-04-29T01:15:45Z ERROR [APIGateway] POST /api/v1/orders 503 30015ms - upstream timeout (OrderService)
2026-04-29T01:16:01Z ERROR [APIGateway] POST /api/v1/orders 503 30009ms - upstream timeout (OrderService)
2026-04-29T01:16:20Z ERROR [APIGateway] GET  /api/v1/orders/status 503 30000ms - upstream timeout
2026-04-29T01:16:35Z ERROR [APIGateway] POST /api/v1/orders 503 30011ms - upstream timeout (OrderService)
2026-04-29T01:17:00Z ERROR [APIGateway] POST /api/v1/checkout 500 250ms - Internal Server Error
2026-04-29T01:17:05Z ERROR [APIGateway] POST /api/v1/checkout 500 255ms - Internal Server Error
2026-04-29T01:17:10Z ERROR [APIGateway] POST /api/v1/checkout 500 248ms - Internal Server Error
2026-04-29T01:17:15Z ERROR [APIGateway] POST /api/v1/checkout 500 260ms - Internal Server Error
2026-04-29T01:17:20Z ERROR [APIGateway] POST /api/v1/checkout 500 252ms - Internal Server Error
2026-04-29T01:30:00Z WARN  [APIGateway] Rate limit triggered for IP 192.168.1.105: 520 req/min
2026-04-29T02:05:00Z INFO  [APIGateway] POST /api/v1/orders 200 180ms - normal operations resumed
2026-04-29T03:22:11Z WARN  [APIGateway] Slow response: GET /api/v1/products/search 1850ms
2026-04-29T03:22:45Z WARN  [APIGateway] Slow response: GET /api/v1/products/search 2100ms
2026-04-29T04:22:11Z ERROR [APIGateway] POST /api/v1/payments 502 1ms - PaymentService unreachable
2026-04-29T04:22:25Z ERROR [APIGateway] POST /api/v1/payments 502 1ms - PaymentService unreachable
2026-04-29T04:22:40Z ERROR [APIGateway] POST /api/v1/payments 502 1ms - PaymentService unreachable
2026-04-29T04:23:00Z ERROR [APIGateway] POST /api/v1/payments 502 1ms - PaymentService unreachable
2026-04-29T04:23:15Z ERROR [APIGateway] POST /api/v1/payments 502 1ms - PaymentService unreachable
2026-04-29T04:23:30Z ERROR [APIGateway] POST /api/v1/payments 502 1ms - PaymentService unreachable
2026-04-29T04:30:10Z INFO  [APIGateway] POST /api/v1/payments 200 350ms - PaymentService restored
2026-04-29T06:00:00Z INFO  [APIGateway] Traffic metrics: p50=120ms p95=480ms p99=900ms
2026-04-29T07:00:00Z INFO  [APIGateway] Traffic metrics: p50=140ms p95=520ms p99=1100ms
2026-04-29T08:30:00Z ERROR [APIGateway] GET  /api/v1/reports/generate 500 45ms - ReportingService OOM
2026-04-29T09:15:22Z ERROR [APIGateway] POST /api/v1/orders 503 30012ms - upstream timeout (OrderService)
2026-04-29T09:15:50Z ERROR [APIGateway] POST /api/v1/orders 503 30010ms - upstream timeout (OrderService)
2026-04-29T09:16:10Z ERROR [APIGateway] POST /api/v1/orders 503 30008ms - upstream timeout (OrderService)
2026-04-29T10:10:00Z ERROR [APIGateway] GET  /api/v1/search 503 5ms - SearchService unavailable
2026-04-29T10:12:00Z ERROR [APIGateway] GET  /api/v1/search 503 5ms - SearchService unavailable
2026-04-29T10:12:30Z ERROR [APIGateway] GET  /api/v1/search 503 5ms - SearchService unavailable
2026-04-29T10:13:00Z ERROR [APIGateway] GET  /api/v1/products/search 503 5ms - SearchService unavailable
2026-04-29T10:45:00Z ERROR [APIGateway] POST /api/v1/orders 503 30012ms - upstream timeout (OrderService)
2026-04-29T10:45:20Z ERROR [APIGateway] POST /api/v1/orders 503 30009ms - upstream timeout (OrderService)
2026-04-29T10:46:00Z ERROR [APIGateway] POST /api/v1/orders 503 30011ms - upstream timeout (OrderService)
2026-04-29T10:46:30Z ERROR [APIGateway] POST /api/v1/orders 503 30010ms - upstream timeout (OrderService)
2026-04-29T10:47:00Z ERROR [APIGateway] POST /api/v1/orders 503 30015ms - upstream timeout (OrderService)
