2026-04-29T00:05:12Z INFO  [OrderService] Application started on port 8080
2026-04-29T00:12:33Z INFO  [OrderService] Health check passed
2026-04-29T01:03:44Z WARN  [OrderService] Response time degraded: 1850ms (threshold: 1000ms)
2026-04-29T01:15:22Z ERROR [OrderService] ConnectionTimeoutException: Timeout while connecting to orders-db:5432 after 30000ms
2026-04-29T01:15:45Z ERROR [OrderService] ConnectionTimeoutException: Timeout while connecting to orders-db:5432 after 30000ms
2026-04-29T01:16:01Z ERROR [OrderService] ConnectionTimeoutException: Timeout while connecting to orders-db:5432 after 30000ms
2026-04-29T01:16:20Z ERROR [OrderService] ConnectionTimeoutException: Timeout while connecting to orders-db:5432 after 30000ms
2026-04-29T01:17:00Z CRITICAL [OrderService] Connection pool exhausted: maxPoolSize=20, active=20, waiting=145
2026-04-29T01:17:03Z ERROR [OrderService] Failed to process order #ORD-98231: DB unavailable
2026-04-29T01:17:10Z ERROR [OrderService] Failed to process order #ORD-98232: DB unavailable
2026-04-29T01:17:15Z ERROR [OrderService] Failed to process order #ORD-98233: DB unavailable
2026-04-29T01:18:00Z ERROR [OrderService] java.lang.NullPointerException at OrderProcessor.java:247
2026-04-29T02:00:00Z INFO  [OrderService] DB connection restored. Pool reset.
2026-04-29T02:05:00Z INFO  [OrderService] Resumed normal operations
2026-04-29T03:10:44Z WARN  [UserService] Memory usage at 78% (threshold: 75%)
2026-04-29T03:45:00Z INFO  [UserService] Scheduled cleanup complete
2026-04-29T04:22:11Z ERROR [PaymentService] FATAL: Stripe API unreachable - connection refused (stripe.com:443)
2026-04-29T04:22:25Z ERROR [PaymentService] Payment processing halted - gateway timeout
2026-04-29T04:22:40Z CRITICAL [PaymentService] 0 payments processed in last 60 seconds - service DOWN
2026-04-29T04:23:00Z ERROR [PaymentService] Retry 1/3 failed: stripe.com:443 connection refused
2026-04-29T04:23:15Z ERROR [PaymentService] Retry 2/3 failed: stripe.com:443 connection refused
2026-04-29T04:23:30Z ERROR [PaymentService] Retry 3/3 failed: stripe.com:443 connection refused
2026-04-29T04:23:45Z CRITICAL [PaymentService] All retries exhausted. Circuit breaker OPEN.
2026-04-29T04:30:00Z INFO  [PaymentService] Stripe connectivity restored. Circuit breaker CLOSED.
2026-04-29T05:11:00Z WARN  [NotificationService] Email queue depth: 8450 (high watermark: 5000)
2026-04-29T05:15:00Z WARN  [NotificationService] SMTP connection pool 90% utilized
2026-04-29T06:00:00Z INFO  [OrderService] Morning traffic ramp-up: 342 req/min
2026-04-29T07:00:00Z INFO  [OrderService] Peak traffic: 1200 req/min
2026-04-29T07:33:22Z ERROR [InventoryService] ConcurrentModificationException: Race condition detected on stock update for SKU-4421
2026-04-29T07:33:23Z ERROR [InventoryService] ConcurrentModificationException: Race condition detected on stock update for SKU-4421
2026-04-29T07:33:24Z ERROR [InventoryService] ConcurrentModificationException: Race condition detected on stock update for SKU-4421
2026-04-29T07:45:00Z WARN  [InventoryService] Stock discrepancy detected for SKU-4421: expected=50, actual=47
2026-04-29T08:00:00Z INFO  [InventoryService] Inventory reconciliation triggered
2026-04-29T08:30:00Z ERROR [ReportingService] OutOfMemoryError: Java heap space - report generation failed for ReportID-7712
2026-04-29T08:30:01Z CRITICAL [ReportingService] JVM heap exhausted. Service restart required.
2026-04-29T08:32:00Z INFO  [ReportingService] Service restarted. Heap: 4GB allocated.
2026-04-29T09:00:00Z INFO  [OrderService] System stable. All services healthy.
2026-04-29T09:15:33Z ERROR [OrderService] ConnectionTimeoutException: Timeout while connecting to orders-db:5432 after 30000ms
2026-04-29T09:15:50Z ERROR [OrderService] ConnectionTimeoutException: Timeout while connecting to orders-db:5432 after 30000ms
2026-04-29T09:16:10Z ERROR [OrderService] ConnectionTimeoutException: Timeout while connecting to orders-db:5432 after 30000ms
2026-04-29T09:16:30Z WARN  [OrderService] DB connection instability detected - entering degraded mode
2026-04-29T09:45:00Z INFO  [UserService] Cache warm-up complete. Hit rate: 94%
2026-04-29T10:00:00Z INFO  [OrderService] DB connection stable.
2026-04-29T10:05:22Z WARN  [SearchService] Elasticsearch index lag: 45s behind realtime
2026-04-29T10:10:00Z ERROR [SearchService] Elasticsearch cluster health RED - 2 shards unassigned
2026-04-29T10:12:00Z ERROR [SearchService] Search queries failing: index unavailable
2026-04-29T10:15:00Z WARN  [SearchService] Elasticsearch recovering - cluster health YELLOW
2026-04-29T10:30:00Z INFO  [SearchService] Elasticsearch cluster health GREEN. All shards assigned.
2026-04-29T10:45:00Z ERROR [OrderService] ConnectionTimeoutException: Timeout while connecting to orders-db:5432 after 30000ms
2026-04-29T10:45:20Z ERROR [OrderService] ConnectionTimeoutException: Timeout while connecting to orders-db:5432 after 30000ms
2026-04-29T10:46:00Z ERROR [OrderService] ConnectionTimeoutException: Timeout while connecting to orders-db:5432 after 30000ms
2026-04-29T10:46:30Z ERROR [OrderService] ConnectionTimeoutException: Timeout while connecting to orders-db:5432 after 30000ms
2026-04-29T10:47:00Z CRITICAL [OrderService] Connection pool exhausted: maxPoolSize=20, active=20, waiting=198
