2026-04-29T00:00:00Z INFO  [PostgreSQL] Database server started. Version: 15.3
2026-04-29T00:00:01Z INFO  [PostgreSQL] Max connections: 200, shared_buffers: 8GB
2026-04-29T01:14:55Z INFO  [PostgreSQL] Active connections: 18/200
2026-04-29T01:15:00Z WARN  [PostgreSQL] Slow query detected (2.8s): SELECT * FROM orders WHERE customer_id=? AND status=? ORDER BY created_at DESC
2026-04-29T01:15:10Z WARN  [PostgreSQL] Active connections: 45/200
2026-04-29T01:15:30Z WARN  [PostgreSQL] Active connections: 78/200
2026-04-29T01:15:45Z WARN  [PostgreSQL] Active connections: 110/200
2026-04-29T01:16:00Z WARN  [PostgreSQL] Active connections: 158/200 - approaching limit
2026-04-29T01:16:20Z ERROR [PostgreSQL] Active connections: 195/200 - critical threshold
2026-04-29T01:16:30Z ERROR [PostgreSQL] FATAL: remaining connection slots reserved for non-replication superuser connections
2026-04-29T01:16:35Z ERROR [PostgreSQL] Connection refused: max_connections exceeded
2026-04-29T01:16:40Z ERROR [PostgreSQL] Connection refused: max_connections exceeded
2026-04-29T01:16:45Z ERROR [PostgreSQL] Connection refused: max_connections exceeded
2026-04-29T01:17:00Z CRITICAL [PostgreSQL] Lock timeout on table 'orders': query cancelled after 30000ms
2026-04-29T01:17:05Z CRITICAL [PostgreSQL] Deadlock detected between PID 22341 and PID 22398 on table 'order_items'
2026-04-29T01:55:00Z INFO  [PostgreSQL] Active connections: 22/200 - recovering
2026-04-29T02:00:00Z INFO  [PostgreSQL] VACUUM ANALYZE completed on orders table (22M rows)
2026-04-29T02:00:05Z INFO  [PostgreSQL] Active connections: 18/200 - normal
2026-04-29T04:00:00Z INFO  [PostgreSQL] Checkpoint completed. Write rate: 22MB/s
2026-04-29T07:30:00Z WARN  [PostgreSQL] Slow query detected (3.1s): SELECT COUNT(*) FROM order_items JOIN products ON ... WHERE date_trunc('month', created_at)=?
2026-04-29T07:45:00Z WARN  [PostgreSQL] Table 'sessions' bloat detected: 45% dead tuples. VACUUM recommended.
2026-04-29T08:00:00Z INFO  [PostgreSQL] Replication lag: 0.2s (standby: db-replica-1)
2026-04-29T09:10:00Z WARN  [PostgreSQL] Active connections: 92/200
2026-04-29T09:15:00Z WARN  [PostgreSQL] Active connections: 145/200
2026-04-29T09:15:22Z WARN  [PostgreSQL] Slow query detected (4.2s): SELECT * FROM orders WHERE created_at > ?
2026-04-29T09:16:00Z ERROR [PostgreSQL] Active connections: 188/200 - critical threshold
2026-04-29T09:16:30Z ERROR [PostgreSQL] FATAL: remaining connection slots reserved for non-replication superuser connections
2026-04-29T09:55:00Z INFO  [PostgreSQL] Active connections: 28/200 - recovering
2026-04-29T10:00:00Z INFO  [PostgreSQL] Normal operations resumed
2026-04-29T10:44:00Z WARN  [PostgreSQL] Active connections: 88/200
2026-04-29T10:45:00Z WARN  [PostgreSQL] Active connections: 134/200
2026-04-29T10:45:30Z ERROR [PostgreSQL] Active connections: 178/200 - critical threshold
2026-04-29T10:46:00Z ERROR [PostgreSQL] FATAL: remaining connection slots reserved for non-replication superuser connections
2026-04-29T10:46:30Z ERROR [PostgreSQL] Connection refused: max_connections exceeded
2026-04-29T10:47:00Z CRITICAL [PostgreSQL] Deadlock detected between PID 24501 and PID 24512 on table 'orders'
2026-04-29T10:47:10Z CRITICAL [PostgreSQL] Lock timeout on table 'orders': query cancelled after 30000ms
